2018-08-01T13:27:39+00:00 CRITICAL Uncaught Error: Call to undefined function mcrypt_decrypt() in C:\xampp\htdocs\icicisalesforce\wp-content\plugins\smarts3\includes\class-methods-smarts3.php:99
Stack trace:
#0 C:\xampp\htdocs\icicisalesforce\wp-content\plugins\smarts3\includes\class-methods-smarts3.php(24): Methods_SmartS3->decrypt(NULL)
#1 C:\xampp\htdocs\icicisalesforce\wp-content\plugins\smarts3\includes\class-adapter-aws.php(21): Methods_SmartS3->Get_Keys('secret')
#2 C:\xampp\htdocs\icicisalesforce\wp-content\plugins\smarts3\includes\class-methods-smarts3.php(11): Adapter_AWS->__construct()
#3 C:\xampp\htdocs\icicisalesforce\wp-content\plugins\smarts3\includes\class-player-smarts3.php(8): Methods_SmartS3->__construct()
#4 C:\xampp\htdocs\icicisalesforce\wp-content\plugins\smarts3\admin\class-smarts3-admin.php(10): Player_SmartS3->__construct()
#5 C:\xampp\htdocs\icicisalesforce\wp-content\plugins\smarts3\smarts3.php(41): SmartS3_Admin->__construct()
#6 C:\xampp\htdocs\icicisalesforce\wp-content\plugins\smarts3\smarts3.php(262): SmartS3->

2018-08-01T13:28:04+00:00 CRITICAL Uncaught Error: Call to undefined function mcrypt_decrypt() in C:\xampp\htdocs\icicisalesforce\wp-content\plugins\smarts3\includes\class-methods-smarts3.php:99
Stack trace:
#0 C:\xampp\htdocs\icicisalesforce\wp-content\plugins\smarts3\includes\class-methods-smarts3.php(24): Methods_SmartS3->decrypt(NULL)
#1 C:\xampp\htdocs\icicisalesforce\wp-content\plugins\smarts3\includes\class-adapter-aws.php(21): Methods_SmartS3->Get_Keys('secret')
#2 C:\xampp\htdocs\icicisalesforce\wp-content\plugins\smarts3\includes\class-methods-smarts3.php(11): Adapter_AWS->__construct()
#3 C:\xampp\htdocs\icicisalesforce\wp-content\plugins\smarts3\includes\class-player-smarts3.php(8): Methods_SmartS3->__construct()
#4 C:\xampp\htdocs\icicisalesforce\wp-content\plugins\smarts3\admin\class-smarts3-admin.php(10): Player_SmartS3->__construct()
#5 C:\xampp\htdocs\icicisalesforce\wp-content\plugins\smarts3\smarts3.php(41): SmartS3_Admin->__construct()
#6 C:\xampp\htdocs\icicisalesforce\wp-content\plugins\smarts3\smarts3.php(262): SmartS3->

2018-08-01T13:28:09+00:00 CRITICAL Uncaught Error: Call to undefined function mcrypt_decrypt() in C:\xampp\htdocs\icicisalesforce\wp-content\plugins\smarts3\includes\class-methods-smarts3.php:99
Stack trace:
#0 C:\xampp\htdocs\icicisalesforce\wp-content\plugins\smarts3\includes\class-methods-smarts3.php(24): Methods_SmartS3->decrypt(NULL)
#1 C:\xampp\htdocs\icicisalesforce\wp-content\plugins\smarts3\includes\class-adapter-aws.php(21): Methods_SmartS3->Get_Keys('secret')
#2 C:\xampp\htdocs\icicisalesforce\wp-content\plugins\smarts3\includes\class-methods-smarts3.php(11): Adapter_AWS->__construct()
#3 C:\xampp\htdocs\icicisalesforce\wp-content\plugins\smarts3\includes\class-player-smarts3.php(8): Methods_SmartS3->__construct()
#4 C:\xampp\htdocs\icicisalesforce\wp-content\plugins\smarts3\admin\class-smarts3-admin.php(10): Player_SmartS3->__construct()
#5 C:\xampp\htdocs\icicisalesforce\wp-content\plugins\smarts3\smarts3.php(41): SmartS3_Admin->__construct()
#6 C:\xampp\htdocs\icicisalesforce\wp-content\plugins\smarts3\smarts3.php(262): SmartS3->

2018-08-01T13:28:09+00:00 CRITICAL Uncaught Error: Call to undefined function mcrypt_decrypt() in C:\xampp\htdocs\icicisalesforce\wp-content\plugins\smarts3\includes\class-methods-smarts3.php:99
Stack trace:
#0 C:\xampp\htdocs\icicisalesforce\wp-content\plugins\smarts3\includes\class-methods-smarts3.php(24): Methods_SmartS3->decrypt(NULL)
#1 C:\xampp\htdocs\icicisalesforce\wp-content\plugins\smarts3\includes\class-adapter-aws.php(21): Methods_SmartS3->Get_Keys('secret')
#2 C:\xampp\htdocs\icicisalesforce\wp-content\plugins\smarts3\includes\class-methods-smarts3.php(11): Adapter_AWS->__construct()
#3 C:\xampp\htdocs\icicisalesforce\wp-content\plugins\smarts3\includes\class-player-smarts3.php(8): Methods_SmartS3->__construct()
#4 C:\xampp\htdocs\icicisalesforce\wp-content\plugins\smarts3\admin\class-smarts3-admin.php(10): Player_SmartS3->__construct()
#5 C:\xampp\htdocs\icicisalesforce\wp-content\plugins\smarts3\smarts3.php(41): SmartS3_Admin->__construct()
#6 C:\xampp\htdocs\icicisalesforce\wp-content\plugins\smarts3\smarts3.php(262): SmartS3->

2018-08-01T13:29:32+00:00 CRITICAL Uncaught Error: Call to undefined function mcrypt_decrypt() in C:\xampp\htdocs\icicisalesforce\wp-content\plugins\smarts3\includes\class-methods-smarts3.php:99
Stack trace:
#0 C:\xampp\htdocs\icicisalesforce\wp-content\plugins\smarts3\includes\class-methods-smarts3.php(24): Methods_SmartS3->decrypt(NULL)
#1 C:\xampp\htdocs\icicisalesforce\wp-content\plugins\smarts3\includes\class-adapter-aws.php(21): Methods_SmartS3->Get_Keys('secret')
#2 C:\xampp\htdocs\icicisalesforce\wp-content\plugins\smarts3\includes\class-methods-smarts3.php(11): Adapter_AWS->__construct()
#3 C:\xampp\htdocs\icicisalesforce\wp-content\plugins\smarts3\includes\class-player-smarts3.php(8): Methods_SmartS3->__construct()
#4 C:\xampp\htdocs\icicisalesforce\wp-content\plugins\smarts3\admin\class-smarts3-admin.php(10): Player_SmartS3->__construct()
#5 C:\xampp\htdocs\icicisalesforce\wp-content\plugins\smarts3\smarts3.php(41): SmartS3_Admin->__construct()
#6 C:\xampp\htdocs\icicisalesforce\wp-content\plugins\smarts3\smarts3.php(262): SmartS3->

2018-08-01T13:29:36+00:00 CRITICAL Uncaught Error: Call to undefined function mcrypt_decrypt() in C:\xampp\htdocs\icicisalesforce\wp-content\plugins\smarts3\includes\class-methods-smarts3.php:99
Stack trace:
#0 C:\xampp\htdocs\icicisalesforce\wp-content\plugins\smarts3\includes\class-methods-smarts3.php(24): Methods_SmartS3->decrypt(NULL)
#1 C:\xampp\htdocs\icicisalesforce\wp-content\plugins\smarts3\includes\class-adapter-aws.php(21): Methods_SmartS3->Get_Keys('secret')
#2 C:\xampp\htdocs\icicisalesforce\wp-content\plugins\smarts3\includes\class-methods-smarts3.php(11): Adapter_AWS->__construct()
#3 C:\xampp\htdocs\icicisalesforce\wp-content\plugins\smarts3\includes\class-player-smarts3.php(8): Methods_SmartS3->__construct()
#4 C:\xampp\htdocs\icicisalesforce\wp-content\plugins\smarts3\admin\class-smarts3-admin.php(10): Player_SmartS3->__construct()
#5 C:\xampp\htdocs\icicisalesforce\wp-content\plugins\smarts3\smarts3.php(41): SmartS3_Admin->__construct()
#6 C:\xampp\htdocs\icicisalesforce\wp-content\plugins\smarts3\smarts3.php(262): SmartS3->

2018-08-01T13:29:36+00:00 CRITICAL Uncaught Error: Call to undefined function mcrypt_decrypt() in C:\xampp\htdocs\icicisalesforce\wp-content\plugins\smarts3\includes\class-methods-smarts3.php:99
Stack trace:
#0 C:\xampp\htdocs\icicisalesforce\wp-content\plugins\smarts3\includes\class-methods-smarts3.php(24): Methods_SmartS3->decrypt(NULL)
#1 C:\xampp\htdocs\icicisalesforce\wp-content\plugins\smarts3\includes\class-adapter-aws.php(21): Methods_SmartS3->Get_Keys('secret')
#2 C:\xampp\htdocs\icicisalesforce\wp-content\plugins\smarts3\includes\class-methods-smarts3.php(11): Adapter_AWS->__construct()
#3 C:\xampp\htdocs\icicisalesforce\wp-content\plugins\smarts3\includes\class-player-smarts3.php(8): Methods_SmartS3->__construct()
#4 C:\xampp\htdocs\icicisalesforce\wp-content\plugins\smarts3\admin\class-smarts3-admin.php(10): Player_SmartS3->__construct()
#5 C:\xampp\htdocs\icicisalesforce\wp-content\plugins\smarts3\smarts3.php(41): SmartS3_Admin->__construct()
#6 C:\xampp\htdocs\icicisalesforce\wp-content\plugins\smarts3\smarts3.php(262): SmartS3->

