2018-08-03T12:49:06+00:00 CRITICAL Uncaught Error: Call to undefined function mysql_connect() in C:\xampp\htdocs\icicisalesforce\wp-content\themes\eduma\page-templates\volunteer.php:9
Stack trace:
#0 C:\xampp\htdocs\icicisalesforce\wp-includes\template.php(688): require_once()
#1 C:\xampp\htdocs\icicisalesforce\wp-content\themes\eduma\wrapper.php(14): load_template('C:\\xampp\\htdocs...')
#2 C:\xampp\htdocs\icicisalesforce\wp-includes\template-loader.php(74): include('C:\\xampp\\htdocs...')
#3 C:\xampp\htdocs\icicisalesforce\wp-blog-header.php(19): require_once('C:\\xampp\\htdocs...')
#4 C:\xampp\htdocs\icicisalesforce\index.php(17): require('C:\\xampp\\htdocs...')
#5 {main}
  thrown

2018-08-03T12:49:45+00:00 CRITICAL Uncaught Error: Call to undefined function mysql_connect() in C:\xampp\htdocs\icicisalesforce\wp-content\themes\eduma\page-templates\volunteer.php:9
Stack trace:
#0 C:\xampp\htdocs\icicisalesforce\wp-includes\template.php(688): require_once()
#1 C:\xampp\htdocs\icicisalesforce\wp-content\themes\eduma\wrapper.php(14): load_template('C:\\xampp\\htdocs...')
#2 C:\xampp\htdocs\icicisalesforce\wp-includes\template-loader.php(74): include('C:\\xampp\\htdocs...')
#3 C:\xampp\htdocs\icicisalesforce\wp-blog-header.php(19): require_once('C:\\xampp\\htdocs...')
#4 C:\xampp\htdocs\icicisalesforce\index.php(17): require('C:\\xampp\\htdocs...')
#5 {main}
  thrown

2018-08-03T12:49:56+00:00 CRITICAL Uncaught Error: Call to undefined function mysql_connect() in C:\xampp\htdocs\icicisalesforce\wp-content\themes\eduma\page-templates\volunteer.php:9
Stack trace:
#0 C:\xampp\htdocs\icicisalesforce\wp-includes\template.php(688): require_once()
#1 C:\xampp\htdocs\icicisalesforce\wp-content\themes\eduma\wrapper.php(14): load_template('C:\\xampp\\htdocs...')
#2 C:\xampp\htdocs\icicisalesforce\wp-includes\template-loader.php(74): include('C:\\xampp\\htdocs...')
#3 C:\xampp\htdocs\icicisalesforce\wp-blog-header.php(19): require_once('C:\\xampp\\htdocs...')
#4 C:\xampp\htdocs\icicisalesforce\index.php(17): require('C:\\xampp\\htdocs...')
#5 {main}
  thrown

2018-08-03T12:50:19+00:00 CRITICAL Uncaught Error: Call to undefined function mysql_connect() in C:\xampp\htdocs\icicisalesforce\wp-content\themes\eduma\page-templates\volunteer.php:9
Stack trace:
#0 C:\xampp\htdocs\icicisalesforce\wp-includes\template.php(688): require_once()
#1 C:\xampp\htdocs\icicisalesforce\wp-content\themes\eduma\wrapper.php(14): load_template('C:\\xampp\\htdocs...')
#2 C:\xampp\htdocs\icicisalesforce\wp-includes\template-loader.php(74): include('C:\\xampp\\htdocs...')
#3 C:\xampp\htdocs\icicisalesforce\wp-blog-header.php(19): require_once('C:\\xampp\\htdocs...')
#4 C:\xampp\htdocs\icicisalesforce\index.php(17): require('C:\\xampp\\htdocs...')
#5 {main}
  thrown

2018-08-03T12:50:31+00:00 CRITICAL Uncaught Error: Call to undefined function mysql_connect() in C:\xampp\htdocs\icicisalesforce\wp-content\themes\eduma\page-templates\volunteer.php:9
Stack trace:
#0 C:\xampp\htdocs\icicisalesforce\wp-includes\template.php(688): require_once()
#1 C:\xampp\htdocs\icicisalesforce\wp-content\themes\eduma\wrapper.php(14): load_template('C:\\xampp\\htdocs...')
#2 C:\xampp\htdocs\icicisalesforce\wp-includes\template-loader.php(74): include('C:\\xampp\\htdocs...')
#3 C:\xampp\htdocs\icicisalesforce\wp-blog-header.php(19): require_once('C:\\xampp\\htdocs...')
#4 C:\xampp\htdocs\icicisalesforce\index.php(17): require('C:\\xampp\\htdocs...')
#5 {main}
  thrown

2018-08-03T12:51:11+00:00 CRITICAL Uncaught Error: Call to undefined function mysql_connect() in C:\xampp\htdocs\icicisalesforce\wp-content\themes\eduma\page-templates\volunteer.php:9
Stack trace:
#0 C:\xampp\htdocs\icicisalesforce\wp-includes\template.php(688): require_once()
#1 C:\xampp\htdocs\icicisalesforce\wp-content\themes\eduma\wrapper.php(14): load_template('C:\\xampp\\htdocs...')
#2 C:\xampp\htdocs\icicisalesforce\wp-includes\template-loader.php(74): include('C:\\xampp\\htdocs...')
#3 C:\xampp\htdocs\icicisalesforce\wp-blog-header.php(19): require_once('C:\\xampp\\htdocs...')
#4 C:\xampp\htdocs\icicisalesforce\index.php(17): require('C:\\xampp\\htdocs...')
#5 {main}
  thrown

2018-08-03T12:52:35+00:00 CRITICAL Uncaught Error: Call to undefined function mysql_connect() in C:\xampp\htdocs\icicisalesforce\wp-content\themes\eduma\page-templates\volunteer.php:9
Stack trace:
#0 C:\xampp\htdocs\icicisalesforce\wp-includes\template.php(688): require_once()
#1 C:\xampp\htdocs\icicisalesforce\wp-content\themes\eduma\wrapper.php(14): load_template('C:\\xampp\\htdocs...')
#2 C:\xampp\htdocs\icicisalesforce\wp-includes\template-loader.php(74): include('C:\\xampp\\htdocs...')
#3 C:\xampp\htdocs\icicisalesforce\wp-blog-header.php(19): require_once('C:\\xampp\\htdocs...')
#4 C:\xampp\htdocs\icicisalesforce\index.php(17): require('C:\\xampp\\htdocs...')
#5 {main}
  thrown

2018-08-03T12:52:40+00:00 CRITICAL Uncaught Error: Call to undefined function mysql_connect() in C:\xampp\htdocs\icicisalesforce\wp-content\themes\eduma\page-templates\volunteer.php:9
Stack trace:
#0 C:\xampp\htdocs\icicisalesforce\wp-includes\template.php(688): require_once()
#1 C:\xampp\htdocs\icicisalesforce\wp-content\themes\eduma\wrapper.php(14): load_template('C:\\xampp\\htdocs...')
#2 C:\xampp\htdocs\icicisalesforce\wp-includes\template-loader.php(74): include('C:\\xampp\\htdocs...')
#3 C:\xampp\htdocs\icicisalesforce\wp-blog-header.php(19): require_once('C:\\xampp\\htdocs...')
#4 C:\xampp\htdocs\icicisalesforce\index.php(17): require('C:\\xampp\\htdocs...')
#5 {main}
  thrown

2018-08-03T12:52:47+00:00 CRITICAL Uncaught Error: Call to undefined function mysql_connect() in C:\xampp\htdocs\icicisalesforce\wp-content\themes\eduma\page-templates\volunteer.php:9
Stack trace:
#0 C:\xampp\htdocs\icicisalesforce\wp-includes\template.php(688): require_once()
#1 C:\xampp\htdocs\icicisalesforce\wp-content\themes\eduma\wrapper.php(14): load_template('C:\\xampp\\htdocs...')
#2 C:\xampp\htdocs\icicisalesforce\wp-includes\template-loader.php(74): include('C:\\xampp\\htdocs...')
#3 C:\xampp\htdocs\icicisalesforce\wp-blog-header.php(19): require_once('C:\\xampp\\htdocs...')
#4 C:\xampp\htdocs\icicisalesforce\index.php(17): require('C:\\xampp\\htdocs...')
#5 {main}
  thrown

2018-08-03T13:01:03+00:00 CRITICAL Uncaught Error: Call to undefined function mysql_connect() in C:\xampp\htdocs\icicisalesforce\wp-content\themes\eduma\page-templates\volunteer.php:9
Stack trace:
#0 C:\xampp\htdocs\icicisalesforce\wp-includes\template.php(688): require_once()
#1 C:\xampp\htdocs\icicisalesforce\wp-content\themes\eduma\wrapper.php(14): load_template('C:\\xampp\\htdocs...')
#2 C:\xampp\htdocs\icicisalesforce\wp-includes\template-loader.php(74): include('C:\\xampp\\htdocs...')
#3 C:\xampp\htdocs\icicisalesforce\wp-blog-header.php(19): require_once('C:\\xampp\\htdocs...')
#4 C:\xampp\htdocs\icicisalesforce\index.php(17): require('C:\\xampp\\htdocs...')
#5 {main}
  thrown

2018-08-03T13:01:19+00:00 CRITICAL Uncaught Error: Call to undefined function mysql_connect() in C:\xampp\htdocs\icicisalesforce\wp-content\themes\eduma\page-templates\volunteer.php:9
Stack trace:
#0 C:\xampp\htdocs\icicisalesforce\wp-includes\template.php(688): require_once()
#1 C:\xampp\htdocs\icicisalesforce\wp-content\themes\eduma\wrapper.php(14): load_template('C:\\xampp\\htdocs...')
#2 C:\xampp\htdocs\icicisalesforce\wp-includes\template-loader.php(74): include('C:\\xampp\\htdocs...')
#3 C:\xampp\htdocs\icicisalesforce\wp-blog-header.php(19): require_once('C:\\xampp\\htdocs...')
#4 C:\xampp\htdocs\icicisalesforce\index.php(17): require('C:\\xampp\\htdocs...')
#5 {main}
  thrown

2018-08-03T13:02:29+00:00 CRITICAL Uncaught Error: Call to undefined function mysql_connect() in C:\xampp\htdocs\icicisalesforce\wp-content\themes\eduma\page-templates\volunteer.php:9
Stack trace:
#0 C:\xampp\htdocs\icicisalesforce\wp-includes\template.php(688): require_once()
#1 C:\xampp\htdocs\icicisalesforce\wp-content\themes\eduma\wrapper.php(14): load_template('C:\\xampp\\htdocs...')
#2 C:\xampp\htdocs\icicisalesforce\wp-includes\template-loader.php(74): include('C:\\xampp\\htdocs...')
#3 C:\xampp\htdocs\icicisalesforce\wp-blog-header.php(19): require_once('C:\\xampp\\htdocs...')
#4 C:\xampp\htdocs\icicisalesforce\index.php(17): require('C:\\xampp\\htdocs...')
#5 {main}
  thrown

2018-08-03T13:04:28+00:00 CRITICAL Uncaught Error: Call to undefined function mysql_connect() in C:\xampp\htdocs\icicisalesforce\wp-content\themes\eduma\page-templates\volunteer.php:7
Stack trace:
#0 C:\xampp\htdocs\icicisalesforce\wp-includes\template.php(688): require_once()
#1 C:\xampp\htdocs\icicisalesforce\wp-content\themes\eduma\wrapper.php(14): load_template('C:\\xampp\\htdocs...')
#2 C:\xampp\htdocs\icicisalesforce\wp-includes\template-loader.php(74): include('C:\\xampp\\htdocs...')
#3 C:\xampp\htdocs\icicisalesforce\wp-blog-header.php(19): require_once('C:\\xampp\\htdocs...')
#4 C:\xampp\htdocs\icicisalesforce\index.php(17): require('C:\\xampp\\htdocs...')
#5 {main}
  thrown

2018-08-03T13:05:30+00:00 CRITICAL Uncaught Error: Call to undefined function mysql_connect() in C:\xampp\htdocs\icicisalesforce\wp-content\themes\eduma\page-templates\volunteer.php:9
Stack trace:
#0 C:\xampp\htdocs\icicisalesforce\wp-includes\template.php(688): require_once()
#1 C:\xampp\htdocs\icicisalesforce\wp-content\themes\eduma\wrapper.php(14): load_template('C:\\xampp\\htdocs...')
#2 C:\xampp\htdocs\icicisalesforce\wp-includes\template-loader.php(74): include('C:\\xampp\\htdocs...')
#3 C:\xampp\htdocs\icicisalesforce\wp-blog-header.php(19): require_once('C:\\xampp\\htdocs...')
#4 C:\xampp\htdocs\icicisalesforce\index.php(17): require('C:\\xampp\\htdocs...')
#5 {main}
  thrown

2018-08-03T13:06:37+00:00 CRITICAL Uncaught Error: Call to undefined function mysql_connect() in C:\xampp\htdocs\icicisalesforce\wp-content\themes\eduma\page-templates\volunteer.php:9
Stack trace:
#0 C:\xampp\htdocs\icicisalesforce\wp-includes\template.php(688): require_once()
#1 C:\xampp\htdocs\icicisalesforce\wp-content\themes\eduma\wrapper.php(14): load_template('C:\\xampp\\htdocs...')
#2 C:\xampp\htdocs\icicisalesforce\wp-includes\template-loader.php(74): include('C:\\xampp\\htdocs...')
#3 C:\xampp\htdocs\icicisalesforce\wp-blog-header.php(19): require_once('C:\\xampp\\htdocs...')
#4 C:\xampp\htdocs\icicisalesforce\index.php(17): require('C:\\xampp\\htdocs...')
#5 {main}
  thrown

2018-08-03T13:08:14+00:00 CRITICAL Uncaught Error: Call to undefined function mysql_connect() in C:\xampp\htdocs\icicisalesforce\wp-content\themes\eduma\page-templates\volunteer.php:9
Stack trace:
#0 C:\xampp\htdocs\icicisalesforce\wp-includes\template.php(688): require_once()
#1 C:\xampp\htdocs\icicisalesforce\wp-content\themes\eduma\wrapper.php(14): load_template('C:\\xampp\\htdocs...')
#2 C:\xampp\htdocs\icicisalesforce\wp-includes\template-loader.php(74): include('C:\\xampp\\htdocs...')
#3 C:\xampp\htdocs\icicisalesforce\wp-blog-header.php(19): require_once('C:\\xampp\\htdocs...')
#4 C:\xampp\htdocs\icicisalesforce\index.php(17): require('C:\\xampp\\htdocs...')
#5 {main}
  thrown

2018-08-03T13:12:29+00:00 CRITICAL Uncaught Error: Call to undefined function mysql_connect() in C:\xampp\htdocs\icicisalesforce\wp-content\themes\eduma\page-templates\volunteer.php:9
Stack trace:
#0 C:\xampp\htdocs\icicisalesforce\wp-includes\template.php(688): require_once()
#1 C:\xampp\htdocs\icicisalesforce\wp-content\themes\eduma\wrapper.php(14): load_template('C:\\xampp\\htdocs...')
#2 C:\xampp\htdocs\icicisalesforce\wp-includes\template-loader.php(74): include('C:\\xampp\\htdocs...')
#3 C:\xampp\htdocs\icicisalesforce\wp-blog-header.php(19): require_once('C:\\xampp\\htdocs...')
#4 C:\xampp\htdocs\icicisalesforce\index.php(17): require('C:\\xampp\\htdocs...')
#5 {main}
  thrown

2018-08-03T13:13:09+00:00 CRITICAL Uncaught Error: Call to undefined function mysql_connect() in C:\xampp\htdocs\icicisalesforce\wp-content\themes\eduma\page-templates\volunteer.php:9
Stack trace:
#0 C:\xampp\htdocs\icicisalesforce\wp-includes\template.php(688): require_once()
#1 C:\xampp\htdocs\icicisalesforce\wp-content\themes\eduma\wrapper.php(14): load_template('C:\\xampp\\htdocs...')
#2 C:\xampp\htdocs\icicisalesforce\wp-includes\template-loader.php(74): include('C:\\xampp\\htdocs...')
#3 C:\xampp\htdocs\icicisalesforce\wp-blog-header.php(19): require_once('C:\\xampp\\htdocs...')
#4 C:\xampp\htdocs\icicisalesforce\index.php(17): require('C:\\xampp\\htdocs...')
#5 {main}
  thrown

2018-08-03T13:14:32+00:00 CRITICAL Uncaught Error: Call to undefined function mysql_connect() in C:\xampp\htdocs\icicisalesforce\wp-content\themes\eduma\page-templates\volunteer.php:9
Stack trace:
#0 C:\xampp\htdocs\icicisalesforce\wp-includes\template.php(688): require_once()
#1 C:\xampp\htdocs\icicisalesforce\wp-content\themes\eduma\wrapper.php(14): load_template('C:\\xampp\\htdocs...')
#2 C:\xampp\htdocs\icicisalesforce\wp-includes\template-loader.php(74): include('C:\\xampp\\htdocs...')
#3 C:\xampp\htdocs\icicisalesforce\wp-blog-header.php(19): require_once('C:\\xampp\\htdocs...')
#4 C:\xampp\htdocs\icicisalesforce\index.php(17): require('C:\\xampp\\htdocs...')
#5 {main}
  thrown

2018-08-03T13:15:50+00:00 CRITICAL Uncaught Error: Call to undefined function mysql_connect() in C:\xampp\htdocs\icicisalesforce\wp-content\themes\eduma\page-templates\volunteer.php:9
Stack trace:
#0 C:\xampp\htdocs\icicisalesforce\wp-includes\template.php(688): require_once()
#1 C:\xampp\htdocs\icicisalesforce\wp-content\themes\eduma\wrapper.php(14): load_template('C:\\xampp\\htdocs...')
#2 C:\xampp\htdocs\icicisalesforce\wp-includes\template-loader.php(74): include('C:\\xampp\\htdocs...')
#3 C:\xampp\htdocs\icicisalesforce\wp-blog-header.php(19): require_once('C:\\xampp\\htdocs...')
#4 C:\xampp\htdocs\icicisalesforce\index.php(17): require('C:\\xampp\\htdocs...')
#5 {main}
  thrown

2018-08-03T13:18:29+00:00 CRITICAL Uncaught Error: Call to undefined function mysql_real_escape_string() in C:\xampp\htdocs\icicisalesforce\wp-content\themes\eduma\page-templates\volunteer.php:11
Stack trace:
#0 C:\xampp\htdocs\icicisalesforce\wp-includes\template.php(688): require_once()
#1 C:\xampp\htdocs\icicisalesforce\wp-content\themes\eduma\wrapper.php(14): load_template('C:\\xampp\\htdocs...')
#2 C:\xampp\htdocs\icicisalesforce\wp-includes\template-loader.php(74): include('C:\\xampp\\htdocs...')
#3 C:\xampp\htdocs\icicisalesforce\wp-blog-header.php(19): require_once('C:\\xampp\\htdocs...')
#4 C:\xampp\htdocs\icicisalesforce\index.php(17): require('C:\\xampp\\htdocs...')
#5 {main}
  thrown

2018-08-03T13:18:59+00:00 CRITICAL Uncaught Error: Call to undefined function mysql_real_escape_string() in C:\xampp\htdocs\icicisalesforce\wp-content\themes\eduma\page-templates\volunteer.php:11
Stack trace:
#0 C:\xampp\htdocs\icicisalesforce\wp-includes\template.php(688): require_once()
#1 C:\xampp\htdocs\icicisalesforce\wp-content\themes\eduma\wrapper.php(14): load_template('C:\\xampp\\htdocs...')
#2 C:\xampp\htdocs\icicisalesforce\wp-includes\template-loader.php(74): include('C:\\xampp\\htdocs...')
#3 C:\xampp\htdocs\icicisalesforce\wp-blog-header.php(19): require_once('C:\\xampp\\htdocs...')
#4 C:\xampp\htdocs\icicisalesforce\index.php(17): require('C:\\xampp\\htdocs...')
#5 {main}
  thrown

2018-08-03T13:20:54+00:00 CRITICAL Uncaught Error: Call to undefined function isempty() in C:\xampp\htdocs\icicisalesforce\wp-content\themes\eduma\page-templates\volunteer.php:10
Stack trace:
#0 C:\xampp\htdocs\icicisalesforce\wp-includes\template.php(688): require_once()
#1 C:\xampp\htdocs\icicisalesforce\wp-content\themes\eduma\wrapper.php(14): load_template('C:\\xampp\\htdocs...')
#2 C:\xampp\htdocs\icicisalesforce\wp-includes\template-loader.php(74): include('C:\\xampp\\htdocs...')
#3 C:\xampp\htdocs\icicisalesforce\wp-blog-header.php(19): require_once('C:\\xampp\\htdocs...')
#4 C:\xampp\htdocs\icicisalesforce\index.php(17): require('C:\\xampp\\htdocs...')
#5 {main}
  thrown

2018-08-03T13:26:09+00:00 CRITICAL Uncaught Error: Call to undefined function mysql_real_escape_string() in C:\xampp\htdocs\icicisalesforce\wp-content\themes\eduma\page-templates\volunteer.php:11
Stack trace:
#0 C:\xampp\htdocs\icicisalesforce\wp-includes\template.php(688): require_once()
#1 C:\xampp\htdocs\icicisalesforce\wp-content\themes\eduma\wrapper.php(14): load_template('C:\\xampp\\htdocs...')
#2 C:\xampp\htdocs\icicisalesforce\wp-includes\template-loader.php(74): include('C:\\xampp\\htdocs...')
#3 C:\xampp\htdocs\icicisalesforce\wp-blog-header.php(19): require_once('C:\\xampp\\htdocs...')
#4 C:\xampp\htdocs\icicisalesforce\index.php(17): require('C:\\xampp\\htdocs...')
#5 {main}
  thrown

2018-08-03T13:30:13+00:00 CRITICAL Uncaught Error: Call to undefined function mysql_real_escape_string() in C:\xampp\htdocs\icicisalesforce\wp-content\themes\eduma\page-templates\volunteer.php:11
Stack trace:
#0 C:\xampp\htdocs\icicisalesforce\wp-includes\template.php(688): require_once()
#1 C:\xampp\htdocs\icicisalesforce\wp-content\themes\eduma\wrapper.php(14): load_template('C:\\xampp\\htdocs...')
#2 C:\xampp\htdocs\icicisalesforce\wp-includes\template-loader.php(74): include('C:\\xampp\\htdocs...')
#3 C:\xampp\htdocs\icicisalesforce\wp-blog-header.php(19): require_once('C:\\xampp\\htdocs...')
#4 C:\xampp\htdocs\icicisalesforce\index.php(17): require('C:\\xampp\\htdocs...')
#5 {main}
  thrown

2018-08-03T13:53:32+00:00 CRITICAL Uncaught Error: Call to undefined function mysql_real_escape_string() in C:\xampp\htdocs\icicisalesforce\wp-content\themes\eduma\page-templates\volunteer.php:11
Stack trace:
#0 C:\xampp\htdocs\icicisalesforce\wp-includes\template.php(688): require_once()
#1 C:\xampp\htdocs\icicisalesforce\wp-content\themes\eduma\wrapper.php(14): load_template('C:\\xampp\\htdocs...')
#2 C:\xampp\htdocs\icicisalesforce\wp-includes\template-loader.php(74): include('C:\\xampp\\htdocs...')
#3 C:\xampp\htdocs\icicisalesforce\wp-blog-header.php(19): require_once('C:\\xampp\\htdocs...')
#4 C:\xampp\htdocs\icicisalesforce\index.php(17): require('C:\\xampp\\htdocs...')
#5 {main}
  thrown

2018-08-03T14:03:41+00:00 CRITICAL Uncaught Error: Call to undefined function mysql_real_escape_string() in C:\xampp\htdocs\icicisalesforce\wp-content\themes\eduma\page-templates\volunteer.php:11
Stack trace:
#0 C:\xampp\htdocs\icicisalesforce\wp-includes\template.php(688): require_once()
#1 C:\xampp\htdocs\icicisalesforce\wp-content\themes\eduma\wrapper.php(14): load_template('C:\\xampp\\htdocs...')
#2 C:\xampp\htdocs\icicisalesforce\wp-includes\template-loader.php(74): include('C:\\xampp\\htdocs...')
#3 C:\xampp\htdocs\icicisalesforce\wp-blog-header.php(19): require_once('C:\\xampp\\htdocs...')
#4 C:\xampp\htdocs\icicisalesforce\index.php(17): require('C:\\xampp\\htdocs...')
#5 {main}
  thrown

2018-08-03T14:05:09+00:00 CRITICAL Uncaught Error: Call to undefined function mysql_real_escape_string() in C:\xampp\htdocs\icicisalesforce\wp-content\themes\eduma\page-templates\volunteer.php:11
Stack trace:
#0 C:\xampp\htdocs\icicisalesforce\wp-includes\template.php(688): require_once()
#1 C:\xampp\htdocs\icicisalesforce\wp-content\themes\eduma\wrapper.php(14): load_template('C:\\xampp\\htdocs...')
#2 C:\xampp\htdocs\icicisalesforce\wp-includes\template-loader.php(74): include('C:\\xampp\\htdocs...')
#3 C:\xampp\htdocs\icicisalesforce\wp-blog-header.php(19): require_once('C:\\xampp\\htdocs...')
#4 C:\xampp\htdocs\icicisalesforce\index.php(17): require('C:\\xampp\\htdocs...')
#5 {main}
  thrown

2018-08-03T14:07:58+00:00 CRITICAL Uncaught Error: Call to undefined function mysql_real_escape_string() in C:\xampp\htdocs\icicisalesforce\wp-content\themes\eduma\page-templates\volunteer.php:11
Stack trace:
#0 C:\xampp\htdocs\icicisalesforce\wp-includes\template.php(688): require_once()
#1 C:\xampp\htdocs\icicisalesforce\wp-content\themes\eduma\wrapper.php(14): load_template('C:\\xampp\\htdocs...')
#2 C:\xampp\htdocs\icicisalesforce\wp-includes\template-loader.php(74): include('C:\\xampp\\htdocs...')
#3 C:\xampp\htdocs\icicisalesforce\wp-blog-header.php(19): require_once('C:\\xampp\\htdocs...')
#4 C:\xampp\htdocs\icicisalesforce\index.php(17): require('C:\\xampp\\htdocs...')
#5 {main}
  thrown

2018-08-03T14:09:21+00:00 CRITICAL Uncaught Error: Call to undefined function mysql_real_escape_string() in C:\xampp\htdocs\icicisalesforce\wp-content\themes\eduma\page-templates\volunteer.php:11
Stack trace:
#0 C:\xampp\htdocs\icicisalesforce\wp-includes\template.php(688): require_once()
#1 C:\xampp\htdocs\icicisalesforce\wp-content\themes\eduma\wrapper.php(14): load_template('C:\\xampp\\htdocs...')
#2 C:\xampp\htdocs\icicisalesforce\wp-includes\template-loader.php(74): include('C:\\xampp\\htdocs...')
#3 C:\xampp\htdocs\icicisalesforce\wp-blog-header.php(19): require_once('C:\\xampp\\htdocs...')
#4 C:\xampp\htdocs\icicisalesforce\index.php(17): require('C:\\xampp\\htdocs...')
#5 {main}
  thrown

2018-08-03T14:11:43+00:00 CRITICAL Uncaught Error: Call to undefined function mysql_real_escape_string() in C:\xampp\htdocs\icicisalesforce\wp-content\themes\eduma\page-templates\volunteer.php:11
Stack trace:
#0 C:\xampp\htdocs\icicisalesforce\wp-includes\template.php(688): require_once()
#1 C:\xampp\htdocs\icicisalesforce\wp-content\themes\eduma\wrapper.php(14): load_template('C:\\xampp\\htdocs...')
#2 C:\xampp\htdocs\icicisalesforce\wp-includes\template-loader.php(74): include('C:\\xampp\\htdocs...')
#3 C:\xampp\htdocs\icicisalesforce\wp-blog-header.php(19): require_once('C:\\xampp\\htdocs...')
#4 C:\xampp\htdocs\icicisalesforce\index.php(17): require('C:\\xampp\\htdocs...')
#5 {main}
  thrown

2018-08-03T14:13:10+00:00 CRITICAL Uncaught Error: Call to undefined function mysql_real_escape_string() in C:\xampp\htdocs\icicisalesforce\wp-content\themes\eduma\page-templates\volunteer.php:11
Stack trace:
#0 C:\xampp\htdocs\icicisalesforce\wp-includes\template.php(688): require_once()
#1 C:\xampp\htdocs\icicisalesforce\wp-content\themes\eduma\wrapper.php(14): load_template('C:\\xampp\\htdocs...')
#2 C:\xampp\htdocs\icicisalesforce\wp-includes\template-loader.php(74): include('C:\\xampp\\htdocs...')
#3 C:\xampp\htdocs\icicisalesforce\wp-blog-header.php(19): require_once('C:\\xampp\\htdocs...')
#4 C:\xampp\htdocs\icicisalesforce\index.php(17): require('C:\\xampp\\htdocs...')
#5 {main}
  thrown

2018-08-03T14:13:49+00:00 CRITICAL Uncaught Error: Call to undefined function mysql_real_escape_string() in C:\xampp\htdocs\icicisalesforce\wp-content\themes\eduma\page-templates\volunteer.php:13
Stack trace:
#0 C:\xampp\htdocs\icicisalesforce\wp-includes\template.php(688): require_once()
#1 C:\xampp\htdocs\icicisalesforce\wp-content\themes\eduma\wrapper.php(14): load_template('C:\\xampp\\htdocs...')
#2 C:\xampp\htdocs\icicisalesforce\wp-includes\template-loader.php(74): include('C:\\xampp\\htdocs...')
#3 C:\xampp\htdocs\icicisalesforce\wp-blog-header.php(19): require_once('C:\\xampp\\htdocs...')
#4 C:\xampp\htdocs\icicisalesforce\index.php(17): require('C:\\xampp\\htdocs...')
#5 {main}
  thrown

2018-08-03T14:13:59+00:00 CRITICAL Uncaught Error: Call to undefined function mysql_real_escape_string() in C:\xampp\htdocs\icicisalesforce\wp-content\themes\eduma\page-templates\volunteer.php:13
Stack trace:
#0 C:\xampp\htdocs\icicisalesforce\wp-includes\template.php(688): require_once()
#1 C:\xampp\htdocs\icicisalesforce\wp-content\themes\eduma\wrapper.php(14): load_template('C:\\xampp\\htdocs...')
#2 C:\xampp\htdocs\icicisalesforce\wp-includes\template-loader.php(74): include('C:\\xampp\\htdocs...')
#3 C:\xampp\htdocs\icicisalesforce\wp-blog-header.php(19): require_once('C:\\xampp\\htdocs...')
#4 C:\xampp\htdocs\icicisalesforce\index.php(17): require('C:\\xampp\\htdocs...')
#5 {main}
  thrown

2018-08-03T14:14:11+00:00 CRITICAL Uncaught Error: Call to undefined function mysql_real_escape_string() in C:\xampp\htdocs\icicisalesforce\wp-content\themes\eduma\page-templates\volunteer.php:13
Stack trace:
#0 C:\xampp\htdocs\icicisalesforce\wp-includes\template.php(688): require_once()
#1 C:\xampp\htdocs\icicisalesforce\wp-content\themes\eduma\wrapper.php(14): load_template('C:\\xampp\\htdocs...')
#2 C:\xampp\htdocs\icicisalesforce\wp-includes\template-loader.php(74): include('C:\\xampp\\htdocs...')
#3 C:\xampp\htdocs\icicisalesforce\wp-blog-header.php(19): require_once('C:\\xampp\\htdocs...')
#4 C:\xampp\htdocs\icicisalesforce\index.php(17): require('C:\\xampp\\htdocs...')
#5 {main}
  thrown

2018-08-03T14:19:27+00:00 CRITICAL Uncaught Error: Call to undefined function mysql_real_escape_string() in C:\xampp\htdocs\icicisalesforce\wp-content\themes\eduma\page-templates\volunteer.php:12
Stack trace:
#0 C:\xampp\htdocs\icicisalesforce\wp-includes\template.php(688): require_once()
#1 C:\xampp\htdocs\icicisalesforce\wp-content\themes\eduma\wrapper.php(14): load_template('C:\\xampp\\htdocs...')
#2 C:\xampp\htdocs\icicisalesforce\wp-includes\template-loader.php(74): include('C:\\xampp\\htdocs...')
#3 C:\xampp\htdocs\icicisalesforce\wp-blog-header.php(19): require_once('C:\\xampp\\htdocs...')
#4 C:\xampp\htdocs\icicisalesforce\index.php(17): require('C:\\xampp\\htdocs...')
#5 {main}
  thrown

2018-08-03T14:19:49+00:00 CRITICAL Uncaught Error: Call to undefined function mysql_real_escape_string() in C:\xampp\htdocs\icicisalesforce\wp-content\themes\eduma\page-templates\volunteer.php:12
Stack trace:
#0 C:\xampp\htdocs\icicisalesforce\wp-includes\template.php(688): require_once()
#1 C:\xampp\htdocs\icicisalesforce\wp-content\themes\eduma\wrapper.php(14): load_template('C:\\xampp\\htdocs...')
#2 C:\xampp\htdocs\icicisalesforce\wp-includes\template-loader.php(74): include('C:\\xampp\\htdocs...')
#3 C:\xampp\htdocs\icicisalesforce\wp-blog-header.php(19): require_once('C:\\xampp\\htdocs...')
#4 C:\xampp\htdocs\icicisalesforce\index.php(17): require('C:\\xampp\\htdocs...')
#5 {main}
  thrown

2018-08-03T14:20:33+00:00 CRITICAL Uncaught Error: Call to undefined function mysql_real_escape_string() in C:\xampp\htdocs\icicisalesforce\wp-content\themes\eduma\page-templates\volunteer.php:12
Stack trace:
#0 C:\xampp\htdocs\icicisalesforce\wp-includes\template.php(688): require_once()
#1 C:\xampp\htdocs\icicisalesforce\wp-content\themes\eduma\wrapper.php(14): load_template('C:\\xampp\\htdocs...')
#2 C:\xampp\htdocs\icicisalesforce\wp-includes\template-loader.php(74): include('C:\\xampp\\htdocs...')
#3 C:\xampp\htdocs\icicisalesforce\wp-blog-header.php(19): require_once('C:\\xampp\\htdocs...')
#4 C:\xampp\htdocs\icicisalesforce\index.php(17): require('C:\\xampp\\htdocs...')
#5 {main}
  thrown

2018-08-03T14:20:52+00:00 CRITICAL Uncaught Error: Call to undefined function mysql_real_escape_string() in C:\xampp\htdocs\icicisalesforce\wp-content\themes\eduma\page-templates\volunteer.php:12
Stack trace:
#0 C:\xampp\htdocs\icicisalesforce\wp-includes\template.php(688): require_once()
#1 C:\xampp\htdocs\icicisalesforce\wp-content\themes\eduma\wrapper.php(14): load_template('C:\\xampp\\htdocs...')
#2 C:\xampp\htdocs\icicisalesforce\wp-includes\template-loader.php(74): include('C:\\xampp\\htdocs...')
#3 C:\xampp\htdocs\icicisalesforce\wp-blog-header.php(19): require_once('C:\\xampp\\htdocs...')
#4 C:\xampp\htdocs\icicisalesforce\index.php(17): require('C:\\xampp\\htdocs...')
#5 {main}
  thrown

